<?xml version="1.0" encoding="UTF-8"?>
<testng-results ignored="0" total="1" passed="1" failed="0" skipped="0">
  <reporter-output>
  </reporter-output>
  <suite started-at="2022-10-31T11:21:47 IST" name="Default suite" finished-at="2022-10-31T11:21:56 IST" duration-ms="9392">
    <groups>
    </groups>
    <test started-at="2022-10-31T11:21:47 IST" name="Default test" finished-at="2022-10-31T11:21:56 IST" duration-ms="9392">
      <class name="puspa.Traverse">
        <test-method signature="collomn()[pri:0, instance:puspa.Traverse@18ce0030]" started-at="2022-10-31T11:21:47 IST" name="collomn" finished-at="2022-10-31T11:21:56 IST" duration-ms="9351" status="PASS">
          <reporter-output>
          </reporter-output>
        </test-method> <!-- collomn -->
      </class> <!-- puspa.Traverse -->
    </test> <!-- Default test -->
  </suite> <!-- Default suite -->
</testng-results>
